<?xml version="1.0" encoding="UTF-8"?>
<!-- Generated by org.testng.reporters.JUnitReportReporter -->
<testsuite hostname="DESKTOP-MO9T5HV" failures="0" tests="1" name="com.proyect.pom.Alert_Test" time="58.519" errors="0" timestamp="2021-12-14T16:04:06 COT" skipped="0">
  <testcase classname="com.proyect.pom.Alert_Test" name="test" time="58.519"/>
  <system-out/>
</testsuite> <!-- com.proyect.pom.Alert_Test -->
