<?xml version="1.0" encoding="UTF-8"?>
<!-- Generated by org.testng.reporters.JUnitReportReporter -->
<testsuite hostname="DESKTOP-MO9T5HV" failures="0" tests="1" name="com.proyect.pom.Register_test" time="46.268" errors="0" timestamp="2021-12-14T16:04:06 COT" skipped="0">
  <testcase classname="com.proyect.pom.Register_test" name="test" time="46.268"/>
  <system-out/>
</testsuite> <!-- com.proyect.pom.Register_test -->
