<?xml version="1.0" encoding="UTF-8"?>
<!-- Generated by org.testng.reporters.JUnitReportReporter -->
<testsuite hostname="DESKTOP-MO9T5HV" failures="0" tests="1" name="com.proyect.pom.Alert_Test" time="37.835" errors="0" timestamp="2021-12-14T09:05:28 COT" skipped="0">
  <testcase classname="com.proyect.pom.Alert_Test" name="test" time="37.835"/>
  <system-out/>
</testsuite> <!-- com.proyect.pom.Alert_Test -->
